<?xml version="1.0" encoding="UTF-8"?>
<testng-results ignored="0" total="2" passed="2" failed="0" skipped="0">
  <reporter-output>
  </reporter-output>
  <suite started-at="2025-11-12T08:55:45 IST" name="Suite" finished-at="2025-11-12T08:56:16 IST" duration-ms="30691">
    <groups>
      <group name="regression">
        <method signature="LoginTest.loginInvalidCredentials()[pri:0, instance:tests.LoginTest@8519cb4]" name="loginInvalidCredentials" class="tests.LoginTest"/>
        <method signature="LoginTest.loginValidCredentials(java.lang.String,java.lang.String)[pri:1, instance:tests.LoginTest@8519cb4]" name="loginValidCredentials" class="tests.LoginTest"/>
      </group> <!-- regression -->
      <group name="smoke">
        <method signature="LoginTest.loginValidCredentials(java.lang.String,java.lang.String)[pri:1, instance:tests.LoginTest@8519cb4]" name="loginValidCredentials" class="tests.LoginTest"/>
      </group> <!-- smoke -->
    </groups>
    <test started-at="2025-11-12T08:55:45 IST" name="Test" finished-at="2025-11-12T08:56:16 IST" duration-ms="30691">
      <class name="tests.LoginTest">
        <test-method is-config="true" signature="configureDriver()[pri:0, instance:tests.LoginTest@8519cb4]" started-at="2025-11-12T08:55:45 IST" name="configureDriver" finished-at="2025-11-12T08:55:45 IST" duration-ms="722" status="PASS">
          <reporter-output>
          </reporter-output>
        </test-method> <!-- configureDriver -->
        <test-method is-config="true" signature="launchApp()[pri:0, instance:tests.LoginTest@8519cb4]" started-at="2025-11-12T08:55:45 IST" name="launchApp" finished-at="2025-11-12T08:55:58 IST" duration-ms="12189" status="PASS">
          <reporter-output>
          </reporter-output>
        </test-method> <!-- launchApp -->
        <test-method is-config="true" signature="beforeMethod()[pri:0, instance:tests.LoginTest@8519cb4]" started-at="2025-11-12T08:55:58 IST" name="beforeMethod" finished-at="2025-11-12T08:55:58 IST" duration-ms="18" status="PASS">
          <reporter-output>
          </reporter-output>
        </test-method> <!-- beforeMethod -->
        <test-method signature="loginInvalidCredentials()[pri:0, instance:tests.LoginTest@8519cb4]" started-at="2025-11-12T08:55:58 IST" name="loginInvalidCredentials" finished-at="2025-11-12T08:56:02 IST" duration-ms="4410" status="PASS">
          <reporter-output>
          </reporter-output>
        </test-method> <!-- loginInvalidCredentials -->
        <test-method is-config="true" signature="tearDown()[pri:0, instance:tests.LoginTest@8519cb4]" started-at="2025-11-12T08:56:02 IST" name="tearDown" finished-at="2025-11-12T08:56:03 IST" duration-ms="749" status="PASS">
          <reporter-output>
          </reporter-output>
        </test-method> <!-- tearDown -->
        <test-method is-config="true" signature="launchApp()[pri:0, instance:tests.LoginTest@8519cb4]" started-at="2025-11-12T08:56:03 IST" name="launchApp" finished-at="2025-11-12T08:56:12 IST" duration-ms="9439" status="PASS">
          <reporter-output>
          </reporter-output>
        </test-method> <!-- launchApp -->
        <test-method signature="loginValidCredentials(java.lang.String,java.lang.String)[pri:1, instance:tests.LoginTest@8519cb4]" started-at="2025-11-12T08:56:12 IST" name="loginValidCredentials" finished-at="2025-11-12T08:56:15 IST" duration-ms="3031" status="PASS">
          <params>
            <param index="0">
              <value>
                <![CDATA[Admin]]>
              </value>
            </param>
            <param index="1">
              <value>
                <![CDATA[admin123]]>
              </value>
            </param>
          </params>
          <reporter-output>
          </reporter-output>
        </test-method> <!-- loginValidCredentials -->
        <test-method is-config="true" signature="beforeMethod()[pri:0, instance:tests.LoginTest@8519cb4]" started-at="2025-11-12T08:56:12 IST" name="beforeMethod" finished-at="2025-11-12T08:56:12 IST" duration-ms="0" status="PASS">
          <reporter-output>
          </reporter-output>
        </test-method> <!-- beforeMethod -->
        <test-method is-config="true" signature="tearDown()[pri:0, instance:tests.LoginTest@8519cb4]" started-at="2025-11-12T08:56:15 IST" name="tearDown" finished-at="2025-11-12T08:56:16 IST" duration-ms="764" status="PASS">
          <reporter-output>
          </reporter-output>
        </test-method> <!-- tearDown -->
      </class> <!-- tests.LoginTest -->
    </test> <!-- Test -->
  </suite> <!-- Suite -->
</testng-results>
